2025-12-26 22:00:07,027 - INFO - Fetched Gainer Data from NSE
2025-12-26 22:00:08,937 - INFO - Fetched Looser Data from NSE
2025-12-26 22:00:09,497 - INFO - NumExpr defaulting to 12 threads.
2025-12-26 22:00:11,439 - INFO - Fetched Gainer Data from NSE
2025-12-26 22:00:12,865 - INFO - Fetched Looser Data from NSE
2025-12-26 22:00:12,877 - INFO - Processing raw data: \ufeff"Symbol","Open","High","Low","Prev. Close","LTP","%chng","Volume","Value","CA "
"PRAKASHSTL",4.19,5,4.19,4.17,5,19.9,2113465,10186901.3,"20-Sep-2024"
"CUBEXTUB",96.01,113.49,95.04,94.58,111.5,17.89,1546829,165974751.7,"16-Jul-2024"
"PANACEABIO",373,419.4,366.1,359.15,409,13.88,24465538,10013500048.02,"19-Sep-2024"
"MMTC",57.75,65.4,57.25,57.53,65.2,13.33,71880168,4585235916.72,"15-Nov-2023"
"RVNL",346.7,392.8,345.85,345.7,387.25,12.02,102998642,39373290877.34,"21-Aug-2025"
"JNKINDIA",228.77,268,227.5,227.63,254,11.58,4367713,1118571299.3,"18-Sep-2025"
"LAGNAM",67.15,81.7,67.15,68.84,76.1,10.55,58550,4482002.5,"09-Jul-2024"
"TIRUPATIFL",31.95,36,31.7,31.34,34.5,10.08,1261891,42778104.9,"20-Sep-2024"
"MODIRUBBER",158.98,167.5,156.5,152.28,167.5,9.99,805691,132350860.57,"22-Sep-2023"
"MCL",59.05,59.05,56.16,53.69,59.05,9.98,671303,39465903.37,"20-Sep-2024"
"IRFC",122.14,134.59,121.86,121.49,133.6,9.97,163985127,21477132083.19,"24-Oct-2025"
"RACLGEAR",1079,1199,1069.2,1070.8,1175.2,9.75,245572,283807560.4,"-"
"20MICRONS",200.99,237.4,196.61,197.85,216.1,9.22,10772476,2436303172.16,"24-Jul-2025"
"HINDCOPPER",452.1,480.85,443.25,436.55,476.25,9.09,96353483,44856400475.82,"18-Sep-2025"
"RICOAUTO",126.7,141.5,126.26,124.99,136.15,8.93,42187060,5746721313.2,"08-Sep-2025"
"GROWWSLVR",220.43,234.83,220.43,215.04,234,8.82,2362163,536163757.74,"-"
"NDTV",93.61,104.43,92,93.61,101.21,8.12,7608085,773818325.35,"12-Sep-2025"
"KREBSBIO",69,76,67.5,69.53,75,7.87,14264,1003472.4,"20-Sep-2023"
"RNBDENIMS",122.3,140,121,119.86,129,7.63,215248,27885378.4,"-"
"GMBREW",1115.9,1209,1090.5,1110.4,1195,7.62,885427,1030070354.72,"22-May-2025"
2025-12-26 22:00:12,877 - INFO - Processed Data into list of lists [['Symbol', 'Open', 'High', 'Low', 'Prev. Close', 'LTP', '%chng', 'Volume', 'Value', 'CA '], ['PRAKASHSTL', 4.19, 5, 4.19, 4.17, 5, 19.9, 2113465, 10186901.3, '20-Sep-2024'], ['CUBEXTUB', 96.01, 113.49, 95.04, 94.58, 111.5, 17.89, 1546829, 165974751.7, '16-Jul-2024'], ['PANACEABIO', 373, 419.4, 366.1, 359.15, 409, 13.88, 24465538, 10013500048.02, '19-Sep-2024'], ['MMTC', 57.75, 65.4, 57.25, 57.53, 65.2, 13.33, 71880168, 4585235916.72, '15-Nov-2023'], ['RVNL', 346.7, 392.8, 345.85, 345.7, 387.25, 12.02, 102998642, 39373290877.34, '21-Aug-2025'], ['JNKINDIA', 228.77, 268, 227.5, 227.63, 254, 11.58, 4367713, 1118571299.3, '18-Sep-2025'], ['LAGNAM', 67.15, 81.7, 67.15, 68.84, 76.1, 10.55, 58550, 4482002.5, '09-Jul-2024'], ['TIRUPATIFL', 31.95, 36, 31.7, 31.34, 34.5, 10.08, 1261891, 42778104.9, '20-Sep-2024'], ['MODIRUBBER', 158.98, 167.5, 156.5, 152.28, 167.5, 9.99, 805691, 132350860.57, '22-Sep-2023'], ['MCL', 59.05, 59.05, 56.16, 53.69, 59.05, 9.98, 671303, 39465903.37, '20-Sep-2024'], ['IRFC', 122.14, 134.59, 121.86, 121.49, 133.6, 9.97, 163985127, 21477132083.19, '24-Oct-2025'], ['RACLGEAR', 1079, 1199, 1069.2, 1070.8, 1175.2, 9.75, 245572, 283807560.4, '-'], ['20MICRONS', 200.99, 237.4, 196.61, 197.85, 216.1, 9.22, 10772476, 2436303172.16, '24-Jul-2025'], ['HINDCOPPER', 452.1, 480.85, 443.25, 436.55, 476.25, 9.09, 96353483, 44856400475.82, '18-Sep-2025'], ['RICOAUTO', 126.7, 141.5, 126.26, 124.99, 136.15, 8.93, 42187060, 5746721313.2, '08-Sep-2025'], ['GROWWSLVR', 220.43, 234.83, 220.43, 215.04, 234, 8.82, 2362163, 536163757.74, '-'], ['NDTV', 93.61, 104.43, 92, 93.61, 101.21, 8.12, 7608085, 773818325.35, '12-Sep-2025'], ['KREBSBIO', 69, 76, 67.5, 69.53, 75, 7.87, 14264, 1003472.4, '20-Sep-2023'], ['RNBDENIMS', 122.3, 140, 121, 119.86, 129, 7.63, 215248, 27885378.4, '-'], ['GMBREW', 1115.9, 1209, 1090.5, 1110.4, 1195, 7.62, 885427, 1030070354.72, '22-May-2025']]
2025-12-26 22:00:12,877 - INFO - Gainer CSV created successfully
2025-12-26 22:00:12,882 - INFO - file_cache is only supported with oauth2client<4.0.0
2025-12-26 22:00:18,672 - INFO -  gainer File uploaded successfully.
2025-12-26 22:00:18,675 - INFO - Processing raw data: \ufeff"Symbol","Open","High","Low","Prev. Close","LTP","%chng","Volume","Value","CA "
"LEMERITE",512.65,512.65,428,508.1,446,-12.22,85410,40508254.8,"-"
"CREATIVEYE",7.74,7.99,7,7.73,7,-9.44,63156,456617.88,"23-Sep-2024"
"TPHQ",0.84,0.84,0.77,0.85,0.77,-9.41,5657895,4413158.1,"17-Sep-2024"
"LLOYDSENT",67.79,68.57,62.1,67.67,62.1,-8.23,6347958,408554576.88,"04-Sep-2025"
"PKTEA",998,998,851,920.3,851,-7.53,9085,7876059.05,"12-Sep-2025"
"SHIVAMAUTO",25.32,25.32,22.93,24.95,23.09,-7.45,298995,7041332.25,"09-Dec-2021"
"JARO",535,536.05,500.05,539.95,503.45,-6.76,303846,154952344.62,"-"
"DOLPHIN",440,440,406.6,439.7,410,-6.75,30384,12781637.28,"06-Sep-2024"
"RKEC",56.8,57.56,53,56.97,53.2,-6.62,50649,2797850.76,"17-Sep-2024"
"TFL",17.19,17.19,15.77,17.29,16.25,-6.02,211026,3475598.22,"04-Nov-2022"
"AMANTA",111.88,112,105.1,111.96,105.24,-6,102181,11058027.82,"-"
"ADROITINFO",10.21,10.31,9.17,10.58,10,-5.48,152102,1498204.7,"20-Sep-2024"
"BLISSGVS",174.48,175.78,165.4,175.92,166.5,-5.35,1175834,200420905.3,"24-Jul-2025"
"AARTECH",50.82,51.99,48.1,50.82,48.12,-5.31,61113,3061761.3,"23-Sep-2025"
"COUNCODOS",5.61,5.69,5.11,5.5,5.21,-5.27,86816,459256.64,"23-Aug-2024"
"NIRAJISPAT",214.64,214.64,203.42,214.64,203.42,-5.23,105,21644.7,"29-Aug-2024"
"VIPIND",397,409.9,382.8,408.05,386.9,-5.18,5089031,2024060299.63,"07-Feb-2024"
"BALAJITELE",117.53,117.53,109.66,117.59,111.6,-5.09,380580,43443207,"20-Aug-2024"
"BAFNAPH",171,171.8,163.54,172.14,163.54,-5,8187,1348562.64,"17-Sep-2024"
"MAHASTEEL",944.7,945,882.2,928.6,882.2,-5,7928,7098096.96,"22-Jul-2024"
2025-12-26 22:00:18,676 - INFO - Processed Data into list of lists [['Symbol', 'Open', 'High', 'Low', 'Prev. Close', 'LTP', '%chng', 'Volume', 'Value', 'CA '], ['LEMERITE', 512.65, 512.65, 428, 508.1, 446, -12.22, 85410, 40508254.8, '-'], ['CREATIVEYE', 7.74, 7.99, 7, 7.73, 7, -9.44, 63156, 456617.88, '23-Sep-2024'], ['TPHQ', 0.84, 0.84, 0.77, 0.85, 0.77, -9.41, 5657895, 4413158.1, '17-Sep-2024'], ['LLOYDSENT', 67.79, 68.57, 62.1, 67.67, 62.1, -8.23, 6347958, 408554576.88, '04-Sep-2025'], ['PKTEA', 998, 998, 851, 920.3, 851, -7.53, 9085, 7876059.05, '12-Sep-2025'], ['SHIVAMAUTO', 25.32, 25.32, 22.93, 24.95, 23.09, -7.45, 298995, 7041332.25, '09-Dec-2021'], ['JARO', 535, 536.05, 500.05, 539.95, 503.45, -6.76, 303846, 154952344.62, '-'], ['DOLPHIN', 440, 440, 406.6, 439.7, 410, -6.75, 30384, 12781637.28, '06-Sep-2024'], ['RKEC', 56.8, 57.56, 53, 56.97, 53.2, -6.62, 50649, 2797850.76, '17-Sep-2024'], ['TFL', 17.19, 17.19, 15.77, 17.29, 16.25, -6.02, 211026, 3475598.22, '04-Nov-2022'], ['AMANTA', 111.88, 112, 105.1, 111.96, 105.24, -6, 102181, 11058027.82, '-'], ['ADROITINFO', 10.21, 10.31, 9.17, 10.58, 10, -5.48, 152102, 1498204.7, '20-Sep-2024'], ['BLISSGVS', 174.48, 175.78, 165.4, 175.92, 166.5, -5.35, 1175834, 200420905.3, '24-Jul-2025'], ['AARTECH', 50.82, 51.99, 48.1, 50.82, 48.12, -5.31, 61113, 3061761.3, '23-Sep-2025'], ['COUNCODOS', 5.61, 5.69, 5.11, 5.5, 5.21, -5.27, 86816, 459256.64, '23-Aug-2024'], ['NIRAJISPAT', 214.64, 214.64, 203.42, 214.64, 203.42, -5.23, 105, 21644.7, '29-Aug-2024'], ['VIPIND', 397, 409.9, 382.8, 408.05, 386.9, -5.18, 5089031, 2024060299.63, '07-Feb-2024'], ['BALAJITELE', 117.53, 117.53, 109.66, 117.59, 111.6, -5.09, 380580, 43443207, '20-Aug-2024'], ['BAFNAPH', 171, 171.8, 163.54, 172.14, 163.54, -5, 8187, 1348562.64, '17-Sep-2024'], ['MAHASTEEL', 944.7, 945, 882.2, 928.6, 882.2, -5, 7928, 7098096.96, '22-Jul-2024']]
2025-12-26 22:00:18,677 - INFO - Looser CSV created successfully
2025-12-26 22:00:18,680 - INFO - file_cache is only supported with oauth2client<4.0.0
2025-12-26 22:00:24,023 - INFO -  looser File uploaded successfully.
2025-12-26 22:00:24,024 - INFO - Upload Process Completed.
2025-12-26 22:00:24,069 - INFO - Comparison Result CSV created successfully.
Data:   Common Gainers Common Losers Gainers converted to Losers Losers converted to Gainers
0        KREBSBIO    NIRAJISPAT                                                        
1       GROWWSLVR          JARO                                                        
2       RNBDENIMS        AMANTA                                                        
3        RICOAUTO    SHIVAMAUTO                                                        
4       20MICRONS           TFL                                                        
5      TIRUPATIFL     COUNCODOS                                                        
6          GMBREW    ADROITINFO                                                        
7            NDTV       BAFNAPH                                                        
8        CUBEXTUB          RKEC                                                        
9      MODIRUBBER    CREATIVEYE                                                        
10         LAGNAM    BALAJITELE                                                        
11     HINDCOPPER         PKTEA                                                        
12           MMTC          TPHQ                                                        
13       RACLGEAR        VIPIND                                                        
14            MCL     MAHASTEEL                                                        
15           IRFC     LLOYDSENT                                                        
16       JNKINDIA       AARTECH                                                        
17     PRAKASHSTL      BLISSGVS                                                        
18           RVNL       DOLPHIN                                                        
19     PANACEABIO      LEMERITE                                                        
2025-12-26 22:00:24,072 - INFO - file_cache is only supported with oauth2client<4.0.0
2025-12-26 22:00:30,880 - INFO -  result File uploaded successfully.
2025-12-26 22:00:30,881 - INFO - Comparison Result File uploaded successfully.
2025-12-26 22:00:30,882 - INFO - Previous File Created Successfully.
2025-12-26 22:00:30,882 - INFO - Result Generation Process Completed.
