2025-12-29 11:32:35,339 - INFO - Fetched Gainer Data from NSE
2025-12-29 11:32:37,728 - INFO - Fetched Looser Data from NSE
2025-12-29 11:32:38,733 - INFO - NumExpr defaulting to 12 threads.
2025-12-29 11:32:41,288 - INFO - Fetched Gainer Data from NSE
2025-12-29 11:32:43,097 - INFO - Fetched Looser Data from NSE
2025-12-29 11:32:43,112 - INFO - Processing raw data: \ufeff"Symbol","Open","High","Low","Prev. Close","LTP","%chng","Volume","Value","CA "
"PRAKASHSTL",5.56,6,5.56,5,6,20,2823306,16516340.1,"20-Sep-2024"
"RAJMET",3.95,4.74,3.93,3.95,4.74,20,4033043,18269684.79,"19-Sep-2024"
"CUBEXTUB",115.7,133.83,115,112.89,131.71,16.67,1885178,242810926.4,"16-Jul-2024"
"KRISHFL-RE",35.5,43,21.3,35.5,40.6,14.37,230984,5160182.56,"-"
"BCONCEPTS",336,375,330.05,330.1,375,13.6,18137,6497761.62,"20-Aug-2024"
"BIRLANU",1530,1748.8,1530,1517.5,1719.9,13.34,666355,1124853884.85,"24-Jul-2025"
"MIDHANI",323,363,323,318.6,357.6,12.24,11327577,3985381415.91,"25-Mar-2025"
"MODISONLTD",150.9,162.25,150.89,143.92,161.48,12.2,321093,50418022.86,"08-Dec-2025"
"COUNCODOS",5.5,5.99,5.33,5.22,5.82,11.49,128653,720456.8,"23-Aug-2024"
"HINDCOPPER",545.05,545.95,498.3,475.6,526.05,10.61,84433525,43642000402,"18-Sep-2025"
"SOLARWORLD",303,303,287.2,264.6,291.3,10.09,3980497,1170305922.97,"-"
"MCL",64.95,64.95,63.95,59.05,64.95,9.99,341602,22169969.8,"20-Sep-2024"
"IPL",179.99,194.05,178.1,173.9,191.24,9.97,5560540,1052332195,"12-Aug-2025"
"TFL",16.54,17.35,15.99,15.91,17.3,8.74,49787,841400.3,"04-Nov-2022"
"NPST",1370,1514.9,1370,1351.5,1465.1,8.41,84183,123619368.18,"12-Sep-2025"
"SILVERBND",235.79,255,235.78,230.03,249.27,8.36,38180,9548436.2,"-"
"PRECAM",163.5,178.4,163.29,163.56,177,8.22,882977,153337785.82,"23-Jul-2025"
"BLKASHYAP",51,55.29,51,50.2,54.13,7.83,694801,37283021.66,"23-Sep-2024"
"JAYNECOIND",80.5,87.72,80.05,80.07,86.3,7.78,14790240,1259832643.2,"20-Sep-2024"
"GOACARBON",383,423.95,382.25,386.45,416.45,7.76,140997,58292389.71,"03-Sep-2024"
2025-12-29 11:32:43,114 - INFO - Processed Data into list of lists [['Symbol', 'Open', 'High', 'Low', 'Prev. Close', 'LTP', '%chng', 'Volume', 'Value', 'CA '], ['PRAKASHSTL', 5.56, 6, 5.56, 5, 6, 20, 2823306, 16516340.1, '20-Sep-2024'], ['RAJMET', 3.95, 4.74, 3.93, 3.95, 4.74, 20, 4033043, 18269684.79, '19-Sep-2024'], ['CUBEXTUB', 115.7, 133.83, 115, 112.89, 131.71, 16.67, 1885178, 242810926.4, '16-Jul-2024'], ['KRISHFL-RE', 35.5, 43, 21.3, 35.5, 40.6, 14.37, 230984, 5160182.56, '-'], ['BCONCEPTS', 336, 375, 330.05, 330.1, 375, 13.6, 18137, 6497761.62, '20-Aug-2024'], ['BIRLANU', 1530, 1748.8, 1530, 1517.5, 1719.9, 13.34, 666355, 1124853884.85, '24-Jul-2025'], ['MIDHANI', 323, 363, 323, 318.6, 357.6, 12.24, 11327577, 3985381415.91, '25-Mar-2025'], ['MODISONLTD', 150.9, 162.25, 150.89, 143.92, 161.48, 12.2, 321093, 50418022.86, '08-Dec-2025'], ['COUNCODOS', 5.5, 5.99, 5.33, 5.22, 5.82, 11.49, 128653, 720456.8, '23-Aug-2024'], ['HINDCOPPER', 545.05, 545.95, 498.3, 475.6, 526.05, 10.61, 84433525, 43642000402, '18-Sep-2025'], ['SOLARWORLD', 303, 303, 287.2, 264.6, 291.3, 10.09, 3980497, 1170305922.97, '-'], ['MCL', 64.95, 64.95, 63.95, 59.05, 64.95, 9.99, 341602, 22169969.8, '20-Sep-2024'], ['IPL', 179.99, 194.05, 178.1, 173.9, 191.24, 9.97, 5560540, 1052332195, '12-Aug-2025'], ['TFL', 16.54, 17.35, 15.99, 15.91, 17.3, 8.74, 49787, 841400.3, '04-Nov-2022'], ['NPST', 1370, 1514.9, 1370, 1351.5, 1465.1, 8.41, 84183, 123619368.18, '12-Sep-2025'], ['SILVERBND', 235.79, 255, 235.78, 230.03, 249.27, 8.36, 38180, 9548436.2, '-'], ['PRECAM', 163.5, 178.4, 163.29, 163.56, 177, 8.22, 882977, 153337785.82, '23-Jul-2025'], ['BLKASHYAP', 51, 55.29, 51, 50.2, 54.13, 7.83, 694801, 37283021.66, '23-Sep-2024'], ['JAYNECOIND', 80.5, 87.72, 80.05, 80.07, 86.3, 7.78, 14790240, 1259832643.2, '20-Sep-2024'], ['GOACARBON', 383, 423.95, 382.25, 386.45, 416.45, 7.76, 140997, 58292389.71, '03-Sep-2024']]
2025-12-29 11:32:43,114 - INFO - Gainer CSV created successfully
2025-12-29 11:32:43,644 - INFO - file_cache is only supported with oauth2client<4.0.0
2025-12-29 11:32:48,855 - INFO -  gainer File uploaded successfully.
2025-12-29 11:32:48,857 - INFO - Processing raw data: \ufeff"Symbol","Open","High","Low","Prev. Close","LTP","%chng","Volume","Value","CA "
"MODIRUBBER",166,166,150.35,167.05,150.36,-9.99,133357,20632995.04,"22-Sep-2023"
"TPHQ",0.71,0.71,0.7,0.77,0.7,-9.09,2877141,2013998.7,"17-Sep-2024"
"SGIL",512.4,515,466,512.4,468.85,-8.5,59286,28336929.42,"17-Sep-2025"
"RNBDENIMS",130.48,132.85,118,130.48,119.83,-8.16,111233,13560415.03,"-"
"NIRAJISPAT",205.89,205.89,192,205.89,192,-6.75,12,2332.08,"29-Aug-2024"
"JAINREC",415,416.95,382.75,412.25,385.2,-6.56,2610067,1018630848.09,"-"
"KRITI",84.9,84.9,79.5,84.82,79.54,-6.22,15710,1278479.8,"11-Jun-2024"
"KNRCON",178,178.33,167.27,178.93,168.09,-6.06,1965821,334602392.41,"15-Sep-2025"
"PARASPETRO",1.87,1.87,1.66,1.87,1.76,-5.88,165423,292798.71,"10-Dec-2020"
"ASIANHOTNR",317.65,318.5,291.15,315.1,297.3,-5.65,34574,10550947.58,"20-Sep-2024"
"SHIVAMAUTO",23.18,23.25,21,23.17,21.93,-5.35,257805,5640773.4,"09-Dec-2021"
"SIGACHI",31.6,33.44,30.5,33.95,32.16,-5.27,6393082,207455510.9,"16-Sep-2025"
"EPACKPEB",292,293.9,277.35,294.8,279.35,-5.24,782710,221639990.7,"-"
"RETAIL",26.4,26.4,24.34,25.96,24.6,-5.24,4297,106436.69,"-"
"UEL",135.19,135.19,135.19,142.3,135.19,-5,148,20008.12,"10-Oct-2025"
"EASTSILK",78.47,78.47,78.47,82.6,78.47,-5,13,1020.11,"22-Nov-2024"
"EXCEL",1.65,1.68,1.52,1.6,1.52,-5,16112679,25135779.24,"02-Aug-2024"
"ARVEE",247,247,233.62,245.91,233.62,-5,5266,1238247.24,"20-Sep-2024"
"TEMBO",707,707,673.7,709.15,673.7,-5,66444,45047703.12,"14-Feb-2025"
"RELINFRA",164.54,164.54,164.54,173.2,164.54,-5,25011,4115309.94,"12-Sep-2018"
2025-12-29 11:32:48,858 - INFO - Processed Data into list of lists [['Symbol', 'Open', 'High', 'Low', 'Prev. Close', 'LTP', '%chng', 'Volume', 'Value', 'CA '], ['MODIRUBBER', 166, 166, 150.35, 167.05, 150.36, -9.99, 133357, 20632995.04, '22-Sep-2023'], ['TPHQ', 0.71, 0.71, 0.7, 0.77, 0.7, -9.09, 2877141, 2013998.7, '17-Sep-2024'], ['SGIL', 512.4, 515, 466, 512.4, 468.85, -8.5, 59286, 28336929.42, '17-Sep-2025'], ['RNBDENIMS', 130.48, 132.85, 118, 130.48, 119.83, -8.16, 111233, 13560415.03, '-'], ['NIRAJISPAT', 205.89, 205.89, 192, 205.89, 192, -6.75, 12, 2332.08, '29-Aug-2024'], ['JAINREC', 415, 416.95, 382.75, 412.25, 385.2, -6.56, 2610067, 1018630848.09, '-'], ['KRITI', 84.9, 84.9, 79.5, 84.82, 79.54, -6.22, 15710, 1278479.8, '11-Jun-2024'], ['KNRCON', 178, 178.33, 167.27, 178.93, 168.09, -6.06, 1965821, 334602392.41, '15-Sep-2025'], ['PARASPETRO', 1.87, 1.87, 1.66, 1.87, 1.76, -5.88, 165423, 292798.71, '10-Dec-2020'], ['ASIANHOTNR', 317.65, 318.5, 291.15, 315.1, 297.3, -5.65, 34574, 10550947.58, '20-Sep-2024'], ['SHIVAMAUTO', 23.18, 23.25, 21, 23.17, 21.93, -5.35, 257805, 5640773.4, '09-Dec-2021'], ['SIGACHI', 31.6, 33.44, 30.5, 33.95, 32.16, -5.27, 6393082, 207455510.9, '16-Sep-2025'], ['EPACKPEB', 292, 293.9, 277.35, 294.8, 279.35, -5.24, 782710, 221639990.7, '-'], ['RETAIL', 26.4, 26.4, 24.34, 25.96, 24.6, -5.24, 4297, 106436.69, '-'], ['UEL', 135.19, 135.19, 135.19, 142.3, 135.19, -5, 148, 20008.12, '10-Oct-2025'], ['EASTSILK', 78.47, 78.47, 78.47, 82.6, 78.47, -5, 13, 1020.11, '22-Nov-2024'], ['EXCEL', 1.65, 1.68, 1.52, 1.6, 1.52, -5, 16112679, 25135779.24, '02-Aug-2024'], ['ARVEE', 247, 247, 233.62, 245.91, 233.62, -5, 5266, 1238247.24, '20-Sep-2024'], ['TEMBO', 707, 707, 673.7, 709.15, 673.7, -5, 66444, 45047703.12, '14-Feb-2025'], ['RELINFRA', 164.54, 164.54, 164.54, 173.2, 164.54, -5, 25011, 4115309.94, '12-Sep-2018']]
2025-12-29 11:32:48,859 - INFO - Looser CSV created successfully
2025-12-29 11:32:48,880 - INFO - file_cache is only supported with oauth2client<4.0.0
2025-12-29 11:32:53,517 - INFO -  looser File uploaded successfully.
2025-12-29 11:32:53,519 - INFO - Upload Process Completed.
2025-12-29 11:32:53,591 - INFO - Comparison Result CSV created successfully.
Data:  Common Gainers Common Losers Gainers converted to Losers Losers converted to Gainers
0     HINDCOPPER          TPHQ                         TFL                  MODIRUBBER
1            MCL    NIRAJISPAT                   COUNCODOS                   RNBDENIMS
2     PRAKASHSTL    SHIVAMAUTO                                                        
3       CUBEXTUB                                                                      
2025-12-29 11:32:53,593 - INFO - file_cache is only supported with oauth2client<4.0.0
2025-12-29 11:33:00,338 - INFO -  result File uploaded successfully.
2025-12-29 11:33:00,339 - INFO - Comparison Result File uploaded successfully.
2025-12-29 11:33:00,342 - INFO - Previous File Updated Successfully.
2025-12-29 11:33:00,344 - INFO - Result Generation Process Completed.
